[2024-07-25 07:11:28] Connection established for role: read
[2024-07-25 07:11:28] Connection established for role: read
[2024-07-25 07:11:28] Connection established for role: read
[2024-07-25 07:11:28] Connection established for role: read
[2024-07-25 07:11:28] Connection established for role: read
[2024-07-25 07:11:33] Connection established for role: read
[2024-07-25 07:11:33] Contacts retrieved successfully
[2024-07-25 07:11:33] Connection established for role: read
[2024-07-25 07:11:33] Client name retrieved: ID 2, Name: ROISSY TP
[2024-07-25 07:11:33] Connection established for role: read
[2024-07-25 07:11:33] Client name retrieved: ID 3, Name: SEMAT
[2024-07-25 07:11:33] Connection established for role: read
[2024-07-25 07:11:33] Client name retrieved: ID 1, Name: ELRM
[2024-07-25 07:11:35] Connection established for role: read
[2024-07-25 07:11:35] Factures retrieved successfully
[2024-07-25 07:11:35] Connection established for role: read
[2024-07-25 07:11:35] Factures retrieved successfully
[2024-07-25 07:11:35] Connection established for role: read
[2024-07-25 07:11:35] Connection established for role: read
[2024-07-25 07:11:35] Connection established for role: read
[2024-07-25 07:16:44] Connection established for role: read
[2024-07-25 07:16:44] Factures retrieved successfully
[2024-07-25 07:16:44] Connection established for role: read
[2024-07-25 07:16:44] Factures retrieved successfully
[2024-07-25 07:16:44] Connection established for role: read
[2024-07-25 07:16:44] Connection established for role: read
[2024-07-25 07:16:44] Connection established for role: read
[2024-07-25 07:16:52] Connection established for role: read
[2024-07-25 07:16:52] Factures retrieved successfully
[2024-07-25 07:16:52] Connection established for role: read
[2024-07-25 07:16:52] Factures retrieved successfully
[2024-07-25 07:16:52] Connection established for role: read
[2024-07-25 07:16:52] Connection established for role: read
[2024-07-25 07:16:52] Connection established for role: read
